build/app/intermediates/manifest_merge_blame_file/debug/manifest-merger-blame-debug-report.txt
1<?xml version="1.0" encoding="utf-8"?>
2<manifest xmlns:android="http://schemas.android.com/apk/res/android"
3    package="com.example.flutter_app"
4    android:versionCode="1"
5    android:versionName="1.0.0" >
6
7    <uses-sdk
8        android:minSdkVersion="26"
9        android:targetSdkVersion="29" />
10    <!--
11         Flutter needs it to communicate with the running application
12         to allow setting breakpoints, to provide hot reload, etc.
13    -->
14    <uses-permission android:name="android.permission.INTERNET" />
14-->src\main\AndroidManifest.xml:4:5-67
14-->src\main\AndroidManifest.xml:4:22-64
15    <uses-permission android:name="android.permission.ACCESS_WIFI_STATE" />
15-->src\main\AndroidManifest.xml:3:5-76
15-->src\main\AndroidManifest.xml:3:22-73
16    <uses-permission android:name="android.permission.ACCESS_NETWORK_STATE" />
16-->src\main\AndroidManifest.xml:5:5-79
16-->src\main\AndroidManifest.xml:5:22-76
17    <uses-permission android:name="android.permission.WAKE_LOCK" />
17-->[androidx.work:work-runtime:2.4.0] AndroidManifest.xml:25:5-68
17-->[androidx.work:work-runtime:2.4.0] AndroidManifest.xml:25:22-65
18    <uses-permission android:name="android.permission.RECEIVE_BOOT_COMPLETED" />
18-->[androidx.work:work-runtime:2.4.0] AndroidManifest.xml:27:5-81
18-->[androidx.work:work-runtime:2.4.0] AndroidManifest.xml:27:22-78
19    <uses-permission android:name="android.permission.FOREGROUND_SERVICE" />
19-->[androidx.work:work-runtime:2.4.0] AndroidManifest.xml:28:5-77
19-->[androidx.work:work-runtime:2.4.0] AndroidManifest.xml:28:22-74
20    <!--
21 io.flutter.app.FlutterApplication is an android.app.Application that
22         calls FlutterMain.startInitialization(this); in its onCreate method.
23         In most cases you can leave this as-is, but you if you want to provide
24         additional functionality it is fine to subclass or reimplement
25         FlutterApplication and put your custom class here.
26    -->
27    <application
27-->src\main\AndroidManifest.xml:11:5-47:19
28        android:name="io.flutter.app.FlutterApplication"
28-->src\main\AndroidManifest.xml:12:9-57
29        android:allowBackup="false"
29-->[com.github.joshjdevl.libsodiumjni:libsodium-jni-aar:2.0.2] AndroidManifest.xml:11:18-45
30        android:appComponentFactory="androidx.core.app.CoreComponentFactory"
30-->[androidx.core:core:1.1.0] AndroidManifest.xml:24:18-86
31        android:debuggable="true"
32        android:icon="@mipmap/ic_launcher"
32-->src\main\AndroidManifest.xml:14:9-43
33        android:label="flutter_app" >
33-->src\main\AndroidManifest.xml:13:9-36
34        <activity
34-->src\main\AndroidManifest.xml:15:9-43:20
35            android:name="com.example.flutter_app.MainActivity"
35-->src\main\AndroidManifest.xml:16:13-41
36            android:configChanges="orientation|keyboardHidden|keyboard|screenSize|smallestScreenSize|locale|layoutDirection|fontScale|screenLayout|density|uiMode"
36-->src\main\AndroidManifest.xml:19:13-163
37            android:hardwareAccelerated="true"
37-->src\main\AndroidManifest.xml:20:13-47
38            android:launchMode="singleTop"
38-->src\main\AndroidManifest.xml:17:13-43
39            android:theme="@style/LaunchTheme"
39-->src\main\AndroidManifest.xml:18:13-47
40            android:windowSoftInputMode="adjustResize" >
40-->src\main\AndroidManifest.xml:21:13-55
41
42            <!--
43                 Specifies an Android theme to apply to this Activity as soon as
44                 the Android process has started. This theme is visible to the user
45                 while the Flutter UI initializes. After that, this theme continues
46                 to determine the Window background behind the Flutter UI.
47            -->
48            <meta-data
48-->src\main\AndroidManifest.xml:26:13-29:17
49                android:name="io.flutter.embedding.android.NormalTheme"
49-->src\main\AndroidManifest.xml:27:15-70
50                android:resource="@style/NormalTheme" />
50-->src\main\AndroidManifest.xml:28:15-52
51            <!--
52                 Displays an Android View that continues showing the launch screen
53                 Drawable until Flutter paints its first frame, then this splash
54                 screen fades out. A splash screen is useful to avoid any visual
55                 gap between the end of Android's launch screen and the painting of
56                 Flutter's first frame.
57            -->
58            <meta-data
58-->src\main\AndroidManifest.xml:35:13-38:17
59                android:name="io.flutter.embedding.android.SplashScreenDrawable"
59-->src\main\AndroidManifest.xml:36:15-79
60                android:resource="@drawable/launch_background" />
60-->src\main\AndroidManifest.xml:37:15-61
61
62            <intent-filter>
62-->src\main\AndroidManifest.xml:39:13-42:29
63                <action android:name="android.intent.action.MAIN" />
63-->src\main\AndroidManifest.xml:40:17-68
63-->src\main\AndroidManifest.xml:40:25-66
64
65                <category android:name="android.intent.category.LAUNCHER" />
65-->src\main\AndroidManifest.xml:41:17-76
65-->src\main\AndroidManifest.xml:41:27-74
66            </intent-filter>
67        </activity>
68        <!--
69             Don't delete the meta-data below.
70             This is used by the Flutter tool to generate GeneratedPluginRegistrant.java
71        -->
72
73        <provider
73-->[androidx.work:work-runtime:2.4.0] AndroidManifest.xml:31:9-37:35
74            android:name="androidx.work.impl.WorkManagerInitializer"
74-->[androidx.work:work-runtime:2.4.0] AndroidManifest.xml:32:13-69
75            android:authorities="com.example.flutter_app.workmanager-init"
75-->[androidx.work:work-runtime:2.4.0] AndroidManifest.xml:33:13-68
76            android:directBootAware="false"
76-->[androidx.work:work-runtime:2.4.0] AndroidManifest.xml:34:13-44
77            android:exported="false"
77-->[androidx.work:work-runtime:2.4.0] AndroidManifest.xml:35:13-37
78            android:multiprocess="true" />
78-->[androidx.work:work-runtime:2.4.0] AndroidManifest.xml:36:13-40
79
80        <service
80-->[androidx.work:work-runtime:2.4.0] AndroidManifest.xml:39:9-44:35
81            android:name="androidx.work.impl.background.systemalarm.SystemAlarmService"
81-->[androidx.work:work-runtime:2.4.0] AndroidManifest.xml:40:13-88
82            android:directBootAware="false"
82-->[androidx.work:work-runtime:2.4.0] AndroidManifest.xml:41:13-44
83            android:enabled="@bool/enable_system_alarm_service_default"
83-->[androidx.work:work-runtime:2.4.0] AndroidManifest.xml:42:13-72
84            android:exported="false" />
84-->[androidx.work:work-runtime:2.4.0] AndroidManifest.xml:43:13-37
85        <service
85-->[androidx.work:work-runtime:2.4.0] AndroidManifest.xml:45:9-51:35
86            android:name="androidx.work.impl.background.systemjob.SystemJobService"
86-->[androidx.work:work-runtime:2.4.0] AndroidManifest.xml:46:13-84
87            android:directBootAware="false"
87-->[androidx.work:work-runtime:2.4.0] AndroidManifest.xml:47:13-44
88            android:enabled="@bool/enable_system_job_service_default"
88-->[androidx.work:work-runtime:2.4.0] AndroidManifest.xml:48:13-70
89            android:exported="true"
89-->[androidx.work:work-runtime:2.4.0] AndroidManifest.xml:49:13-36
90            android:permission="android.permission.BIND_JOB_SERVICE" />
90-->[androidx.work:work-runtime:2.4.0] AndroidManifest.xml:50:13-69
91        <service
91-->[androidx.work:work-runtime:2.4.0] AndroidManifest.xml:52:9-57:35
92            android:name="androidx.work.impl.foreground.SystemForegroundService"
92-->[androidx.work:work-runtime:2.4.0] AndroidManifest.xml:53:13-81
93            android:directBootAware="false"
93-->[androidx.work:work-runtime:2.4.0] AndroidManifest.xml:54:13-44
94            android:enabled="@bool/enable_system_foreground_service_default"
94-->[androidx.work:work-runtime:2.4.0] AndroidManifest.xml:55:13-77
95            android:exported="false" />
95-->[androidx.work:work-runtime:2.4.0] AndroidManifest.xml:56:13-37
96
97        <receiver
97-->[androidx.work:work-runtime:2.4.0] AndroidManifest.xml:59:9-64:35
98            android:name="androidx.work.impl.utils.ForceStopRunnable$BroadcastReceiver"
98-->[androidx.work:work-runtime:2.4.0] AndroidManifest.xml:60:13-88
99            android:directBootAware="false"
99-->[androidx.work:work-runtime:2.4.0] AndroidManifest.xml:61:13-44
100            android:enabled="true"
100-->[androidx.work:work-runtime:2.4.0] AndroidManifest.xml:62:13-35
101            android:exported="false" />
101-->[androidx.work:work-runtime:2.4.0] AndroidManifest.xml:63:13-37
102        <receiver
102-->[androidx.work:work-runtime:2.4.0] AndroidManifest.xml:65:9-75:20
103            android:name="androidx.work.impl.background.systemalarm.ConstraintProxy$BatteryChargingProxy"
103-->[androidx.work:work-runtime:2.4.0] AndroidManifest.xml:66:13-106
104            android:directBootAware="false"
104-->[androidx.work:work-runtime:2.4.0] AndroidManifest.xml:67:13-44
105            android:enabled="false"
105-->[androidx.work:work-runtime:2.4.0] AndroidManifest.xml:68:13-36
106            android:exported="false" >
106-->[androidx.work:work-runtime:2.4.0] AndroidManifest.xml:69:13-37
107            <intent-filter>
107-->[androidx.work:work-runtime:2.4.0] AndroidManifest.xml:71:13-74:29
108                <action android:name="android.intent.action.ACTION_POWER_CONNECTED" />
108-->[androidx.work:work-runtime:2.4.0] AndroidManifest.xml:72:17-87
108-->[androidx.work:work-runtime:2.4.0] AndroidManifest.xml:72:25-84
109                <action android:name="android.intent.action.ACTION_POWER_DISCONNECTED" />
109-->[androidx.work:work-runtime:2.4.0] AndroidManifest.xml:73:17-90
109-->[androidx.work:work-runtime:2.4.0] AndroidManifest.xml:73:25-87
110            </intent-filter>
111        </receiver>
112        <receiver
112-->[androidx.work:work-runtime:2.4.0] AndroidManifest.xml:76:9-86:20
113            android:name="androidx.work.impl.background.systemalarm.ConstraintProxy$BatteryNotLowProxy"
113-->[androidx.work:work-runtime:2.4.0] AndroidManifest.xml:77:13-104
114            android:directBootAware="false"
114-->[androidx.work:work-runtime:2.4.0] AndroidManifest.xml:78:13-44
115            android:enabled="false"
115-->[androidx.work:work-runtime:2.4.0] AndroidManifest.xml:79:13-36
116            android:exported="false" >
116-->[androidx.work:work-runtime:2.4.0] AndroidManifest.xml:80:13-37
117            <intent-filter>
117-->[androidx.work:work-runtime:2.4.0] AndroidManifest.xml:82:13-85:29
118                <action android:name="android.intent.action.BATTERY_OKAY" />
118-->[androidx.work:work-runtime:2.4.0] AndroidManifest.xml:83:17-77
118-->[androidx.work:work-runtime:2.4.0] AndroidManifest.xml:83:25-74
119                <action android:name="android.intent.action.BATTERY_LOW" />
119-->[androidx.work:work-runtime:2.4.0] AndroidManifest.xml:84:17-76
119-->[androidx.work:work-runtime:2.4.0] AndroidManifest.xml:84:25-73
120            </intent-filter>
121        </receiver>
122        <receiver
122-->[androidx.work:work-runtime:2.4.0] AndroidManifest.xml:87:9-97:20
123            android:name="androidx.work.impl.background.systemalarm.ConstraintProxy$StorageNotLowProxy"
123-->[androidx.work:work-runtime:2.4.0] AndroidManifest.xml:88:13-104
124            android:directBootAware="false"
124-->[androidx.work:work-runtime:2.4.0] AndroidManifest.xml:89:13-44
125            android:enabled="false"
125-->[androidx.work:work-runtime:2.4.0] AndroidManifest.xml:90:13-36
126            android:exported="false" >
126-->[androidx.work:work-runtime:2.4.0] AndroidManifest.xml:91:13-37
127            <intent-filter>
127-->[androidx.work:work-runtime:2.4.0] AndroidManifest.xml:93:13-96:29
128                <action android:name="android.intent.action.DEVICE_STORAGE_LOW" />
128-->[androidx.work:work-runtime:2.4.0] AndroidManifest.xml:94:17-83
128-->[androidx.work:work-runtime:2.4.0] AndroidManifest.xml:94:25-80
129                <action android:name="android.intent.action.DEVICE_STORAGE_OK" />
129-->[androidx.work:work-runtime:2.4.0] AndroidManifest.xml:95:17-82
129-->[androidx.work:work-runtime:2.4.0] AndroidManifest.xml:95:25-79
130            </intent-filter>
131        </receiver>
132        <receiver
132-->[androidx.work:work-runtime:2.4.0] AndroidManifest.xml:98:9-107:20
133            android:name="androidx.work.impl.background.systemalarm.ConstraintProxy$NetworkStateProxy"
133-->[androidx.work:work-runtime:2.4.0] AndroidManifest.xml:99:13-103
134            android:directBootAware="false"
134-->[androidx.work:work-runtime:2.4.0] AndroidManifest.xml:100:13-44
135            android:enabled="false"
135-->[androidx.work:work-runtime:2.4.0] AndroidManifest.xml:101:13-36
136            android:exported="false" >
136-->[androidx.work:work-runtime:2.4.0] AndroidManifest.xml:102:13-37
137            <intent-filter>
137-->[androidx.work:work-runtime:2.4.0] AndroidManifest.xml:104:13-106:29
138                <action android:name="android.net.conn.CONNECTIVITY_CHANGE" />
138-->[androidx.work:work-runtime:2.4.0] AndroidManifest.xml:105:17-79
138-->[androidx.work:work-runtime:2.4.0] AndroidManifest.xml:105:25-76
139            </intent-filter>
140        </receiver>
141        <receiver
141-->[androidx.work:work-runtime:2.4.0] AndroidManifest.xml:108:9-119:20
142            android:name="androidx.work.impl.background.systemalarm.RescheduleReceiver"
142-->[androidx.work:work-runtime:2.4.0] AndroidManifest.xml:109:13-88
143            android:directBootAware="false"
143-->[androidx.work:work-runtime:2.4.0] AndroidManifest.xml:110:13-44
144            android:enabled="false"
144-->[androidx.work:work-runtime:2.4.0] AndroidManifest.xml:111:13-36
145            android:exported="false" >
145-->[androidx.work:work-runtime:2.4.0] AndroidManifest.xml:112:13-37
146            <intent-filter>
146-->[androidx.work:work-runtime:2.4.0] AndroidManifest.xml:114:13-118:29
147                <action android:name="android.intent.action.BOOT_COMPLETED" />
147-->[androidx.work:work-runtime:2.4.0] AndroidManifest.xml:115:17-79
147-->[androidx.work:work-runtime:2.4.0] AndroidManifest.xml:115:25-76
148                <action android:name="android.intent.action.TIME_SET" />
148-->[androidx.work:work-runtime:2.4.0] AndroidManifest.xml:116:17-73
148-->[androidx.work:work-runtime:2.4.0] AndroidManifest.xml:116:25-70
149                <action android:name="android.intent.action.TIMEZONE_CHANGED" />
149-->[androidx.work:work-runtime:2.4.0] AndroidManifest.xml:117:17-81
149-->[androidx.work:work-runtime:2.4.0] AndroidManifest.xml:117:25-78
150            </intent-filter>
151        </receiver>
152        <receiver
152-->[androidx.work:work-runtime:2.4.0] AndroidManifest.xml:120:9-129:20
153            android:name="androidx.work.impl.background.systemalarm.ConstraintProxyUpdateReceiver"
153-->[androidx.work:work-runtime:2.4.0] AndroidManifest.xml:121:13-99
154            android:directBootAware="false"
154-->[androidx.work:work-runtime:2.4.0] AndroidManifest.xml:122:13-44
155            android:enabled="@bool/enable_system_alarm_service_default"
155-->[androidx.work:work-runtime:2.4.0] AndroidManifest.xml:123:13-72
156            android:exported="false" >
156-->[androidx.work:work-runtime:2.4.0] AndroidManifest.xml:124:13-37
157            <intent-filter>
157-->[androidx.work:work-runtime:2.4.0] AndroidManifest.xml:126:13-128:29
158                <action android:name="androidx.work.impl.background.systemalarm.UpdateProxies" />
158-->[androidx.work:work-runtime:2.4.0] AndroidManifest.xml:127:17-98
158-->[androidx.work:work-runtime:2.4.0] AndroidManifest.xml:127:25-95
159            </intent-filter>
160        </receiver>
161        <receiver
161-->[androidx.work:work-runtime:2.4.0] AndroidManifest.xml:130:9-140:20
162            android:name="androidx.work.impl.diagnostics.DiagnosticsReceiver"
162-->[androidx.work:work-runtime:2.4.0] AndroidManifest.xml:131:13-78
163            android:directBootAware="false"
163-->[androidx.work:work-runtime:2.4.0] AndroidManifest.xml:132:13-44
164            android:enabled="true"
164-->[androidx.work:work-runtime:2.4.0] AndroidManifest.xml:133:13-35
165            android:exported="true"
165-->[androidx.work:work-runtime:2.4.0] AndroidManifest.xml:134:13-36
166            android:permission="android.permission.DUMP" >
166-->[androidx.work:work-runtime:2.4.0] AndroidManifest.xml:135:13-57
167            <intent-filter>
167-->[androidx.work:work-runtime:2.4.0] AndroidManifest.xml:137:13-139:29
168                <action android:name="androidx.work.diagnostics.REQUEST_DIAGNOSTICS" />
168-->[androidx.work:work-runtime:2.4.0] AndroidManifest.xml:138:17-88
168-->[androidx.work:work-runtime:2.4.0] AndroidManifest.xml:138:25-85
169            </intent-filter>
170        </receiver>
171
172        <service
172-->[androidx.room:room-runtime:2.2.5] AndroidManifest.xml:25:9-28:40
173            android:name="androidx.room.MultiInstanceInvalidationService"
173-->[androidx.room:room-runtime:2.2.5] AndroidManifest.xml:26:13-74
174            android:directBootAware="true"
174-->[androidx.room:room-runtime:2.2.5] AndroidManifest.xml:27:13-43
175            android:exported="false" />
175-->[androidx.room:room-runtime:2.2.5] AndroidManifest.xml:28:13-37
176    </application>
177
178</manifest>